{"L":"INFO","T":"2024-11-30T04:40:09.889+0700","M":"Logger initialized successfully"}
{"L":"INFO","T":"2024-11-30T09:08:24.316+0700","M":"Logger initialized successfully"}
{"L":"INFO","T":"2024-11-30T09:14:50.366+0700","M":"Logger initialized successfully"}
{"L":"INFO","T":"2024-11-30T09:15:11.597+0700","M":"Logger initialized successfully"}
{"L":"INFO","T":"2024-11-30T09:16:16.230+0700","M":"Logger initialized successfully"}
{"L":"INFO","T":"2024-11-30T13:59:38.768+0700","M":"Logger initialized successfully"}
{"L":"INFO","T":"2024-11-30T14:12:31.358+0700","M":"Logger initialized successfully"}
{"L":"INFO","T":"2024-11-30T15:09:21.410+0700","M":"Logger initialized successfully"}
{"L":"INFO","T":"2024-11-30T15:45:31.171+0700","M":"Logger initialized successfully"}
{"L":"INFO","T":"2024-11-30T15:46:37.254+0700","M":"Logger initialized successfully"}
{"L":"INFO","T":"2024-11-30T15:52:57.927+0700","M":"Logger initialized successfully"}
{"L":"INFO","T":"2024-11-30T15:56:11.395+0700","M":"Logger initialized successfully"}
{"L":"INFO","T":"2024-11-30T16:01:35.729+0700","M":"Logger initialized successfully"}
{"L":"INFO","T":"2024-11-30T17:28:19.470+0700","M":"Logger initialized successfully"}
{"L":"INFO","T":"2024-11-30T17:33:33.834+0700","M":"Logger initialized successfully"}
{"L":"INFO","T":"2024-11-30T17:39:37.061+0700","M":"Logger initialized successfully"}
{"L":"INFO","T":"2024-11-30T18:47:58.807+0700","M":"Logger initialized successfully"}
{"L":"INFO","T":"2024-11-30T18:51:59.206+0700","M":"Logger initialized successfully"}
{"L":"INFO","T":"2024-11-30T18:54:16.493+0700","M":"Logger initialized successfully"}
{"L":"INFO","T":"2024-11-30T18:56:19.068+0700","M":"Logger initialized successfully"}
{"L":"INFO","T":"2024-11-30T20:34:27.027+0700","M":"Logger initialized successfully"}
{"L":"INFO","T":"2024-11-30T20:40:01.634+0700","M":"Logger initialized successfully"}
{"L":"INFO","T":"2024-11-30T20:41:58.263+0700","M":"Logger initialized successfully"}
{"L":"INFO","T":"2024-11-30T20:42:49.000+0700","M":"Logger initialized successfully"}
{"L":"INFO","T":"2024-11-30T20:44:37.502+0700","M":"Logger initialized successfully"}
{"L":"INFO","T":"2024-12-01T07:32:22.729+0700","M":"Logger initialized successfully"}
{"L":"INFO","T":"2024-12-01T07:33:41.863+0700","M":"Logger initialized successfully"}
{"L":"INFO","T":"2024-12-01T07:34:47.089+0700","M":"Create Voucher successfully"}
{"L":"INFO","T":"2024-12-01T08:48:12.945+0700","M":"Redeem points retrieved successfully"}
{"L":"INFO","T":"2024-12-01T08:51:07.890+0700","M":"Logger initialized successfully"}
{"L":"INFO","T":"2024-12-01T08:51:12.546+0700","M":"Redeem points retrieved successfully"}
{"L":"INFO","T":"2024-12-01T08:52:41.757+0700","M":"Redeem points retrieved successfully"}
{"L":"INFO","T":"2024-12-01T09:34:47.106+0700","M":"Logger initialized successfully"}
{"L":"ERROR","T":"2024-12-01T09:35:25.685+0700","M":"Error from service create redeem voucher: voucher cannot be used after its end date: 2024-11-30"}
{"L":"ERROR","T":"2024-12-01T09:35:25.685+0700","M":"Failed to create redeem voucher","error":"voucher cannot be used after its end date: 2024-11-30"}
{"L":"INFO","T":"2024-12-01T09:36:13.399+0700","M":"Logger initialized successfully"}
{"L":"ERROR","T":"2024-12-01T09:36:17.472+0700","M":"Error from service create redeem voucher: voucher expired"}
{"L":"ERROR","T":"2024-12-01T09:36:17.472+0700","M":"Failed to create redeem voucher","error":"voucher expired"}
{"L":"INFO","T":"2024-12-01T09:47:09.748+0700","M":"Logger initialized successfully"}
{"L":"INFO","T":"2024-12-01T09:48:16.407+0700","M":"Create Redeem Voucher successfully"}
{"L":"INFO","T":"2024-12-01T09:48:24.200+0700","M":"Create Redeem Voucher successfully"}
{"L":"INFO","T":"2024-12-01T09:54:29.042+0700","M":"Logger initialized successfully"}
{"L":"ERROR","T":"2024-12-01T09:54:33.113+0700","M":"Error from service create redeem voucher: user_id 124 already claimed voucher_id 15"}
{"L":"ERROR","T":"2024-12-01T09:54:33.113+0700","M":"Failed to create redeem voucher","error":"user_id 124 already claimed voucher_id 15"}
{"L":"INFO","T":"2024-12-01T09:56:03.948+0700","M":"Create Redeem Voucher successfully"}
{"L":"ERROR","T":"2024-12-01T09:56:11.751+0700","M":"Error from service create redeem voucher: user_id 123 already claimed voucher_id 15"}
{"L":"ERROR","T":"2024-12-01T09:56:11.751+0700","M":"Failed to create redeem voucher","error":"user_id 123 already claimed voucher_id 15"}
